# JRE version: Java(TM) SE Runtime Environment (8.0_261-b12) (build 1.8.0_261-b12)
# Java VM: Java HotSpot(TM) 64-Bit Server VM (25.261-b12 mixed mode windows-amd64 compressed oops)
Heap:
 par new generation   total 314560K, used 103414K [0x00000000c0000000, 0x00000000d5550000, 0x00000000d5550000)
  eden space 279616K,  34% used [0x00000000c0000000, 0x00000000c5f1fad0, 0x00000000d1110000)
  from space 34944K,  17% used [0x00000000d1110000, 0x00000000d16edd88, 0x00000000d3330000)
  to   space 34944K,   0% used [0x00000000d3330000, 0x00000000d3330000, 0x00000000d5550000)
 concurrent mark-sweep generation total 699072K, used 159339K [0x00000000d5550000, 0x0000000100000000, 0x0000000100000000)
 Metaspace       used 52998K, capacity 53455K, committed 54088K, reserved 1097728K
  class space    used 6089K, capacity 6216K, committed 6332K, reserved 1048576K
GC Heap History (10 events):
Event: 325.732 GC heap before
{Heap before GC invocations=185 (full 10):
 par new generation   total 314560K, used 283721K [0x00000000c0000000, 0x00000000d5550000, 0x00000000d5550000)
  eden space 279616K,  99% used [0x00000000c0000000, 0x00000000d1075718, 0x00000000d1110000)
  from space 34944K,  13% used [0x00000000d3330000, 0x00000000d37ccdf0, 0x00000000d5550000)
  to   space 34944K,   0% used [0x00000000d1110000, 0x00000000d1110000, 0x00000000d3330000)
 concurrent mark-sweep generation total 699072K, used 159276K [0x00000000d5550000, 0x0000000100000000, 0x0000000100000000)
 Metaspace       used 52982K, capacity 53455K, committed 54088K, reserved 1097728K
  class space    used 6089K, capacity 6216K, committed 6332K, reserved 1048576K
Event: 325.735 GC heap after
Heap after GC invocations=186 (full 10):
 par new generation   total 314560K, used 5595K [0x00000000c0000000, 0x00000000d5550000, 0x00000000d5550000)
  eden space 279616K,   0% used [0x00000000c0000000, 0x00000000c0000000, 0x00000000d1110000)
  from space 34944K,  16% used [0x00000000d1110000, 0x00000000d1686f20, 0x00000000d3330000)
  to   space 34944K,   0% used [0x00000000d3330000, 0x00000000d3330000, 0x00000000d5550000)
 concurrent mark-sweep generation total 699072K, used 159298K [0x00000000d5550000, 0x0000000100000000, 0x0000000100000000)
 Metaspace       used 52982K, capacity 53455K, committed 54088K, reserved 1097728K
  class space    used 6089K, capacity 6216K, committed 6332K, reserved 1048576K
}
Event: 327.663 GC heap before
{Heap before GC invocations=186 (full 10):
 par new generation   total 314560K, used 285211K [0x00000000c0000000, 0x00000000d5550000, 0x00000000d5550000)
  eden space 279616K, 100% used [0x00000000c0000000, 0x00000000d1110000, 0x00000000d1110000)
  from space 34944K,  16% used [0x00000000d1110000, 0x00000000d1686f20, 0x00000000d3330000)
  to   space 34944K,   0% used [0x00000000d3330000, 0x00000000d3330000, 0x00000000d5550000)
 concurrent mark-sweep generation total 699072K, used 159298K [0x00000000d5550000, 0x0000000100000000, 0x0000000100000000)
 Metaspace       used 52982K, capacity 53455K, committed 54088K, reserved 1097728K
  class space    used 6089K, capacity 6216K, committed 6332K, reserved 1048576K
Event: 327.666 GC heap after
Heap after GC invocations=187 (full 10):
 par new generation   total 314560K, used 8421K [0x00000000c0000000, 0x00000000d5550000, 0x00000000d5550000)
  eden space 279616K,   0% used [0x00000000c0000000, 0x00000000c0000000, 0x00000000d1110000)
  from space 34944K,  24% used [0x00000000d3330000, 0x00000000d3b69578, 0x00000000d5550000)
  to   space 34944K,   0% used [0x00000000d1110000, 0x00000000d1110000, 0x00000000d3330000)
 concurrent mark-sweep generation total 699072K, used 159303K [0x00000000d5550000, 0x0000000100000000, 0x0000000100000000)
 Metaspace       used 52982K, capacity 53455K, committed 54088K, reserved 1097728K
  class space    used 6089K, capacity 6216K, committed 6332K, reserved 1048576K
}
Event: 329.536 GC heap before
{Heap before GC invocations=187 (full 10):
 par new generation   total 314560K, used 287856K [0x00000000c0000000, 0x00000000d5550000, 0x00000000d5550000)
  eden space 279616K,  99% used [0x00000000c0000000, 0x00000000d10e2ad0, 0x00000000d1110000)
  from space 34944K,  24% used [0x00000000d3330000, 0x00000000d3b69578, 0x00000000d5550000)
  to   space 34944K,   0% used [0x00000000d1110000, 0x00000000d1110000, 0x00000000d3330000)
 concurrent mark-sweep generation total 699072K, used 159303K [0x00000000d5550000, 0x0000000100000000, 0x0000000100000000)
 Metaspace       used 52982K, capacity 53455K, committed 54088K, reserved 1097728K
  class space    used 6089K, capacity 6216K, committed 6332K, reserved 1048576K
Event: 329.539 GC heap after
Heap after GC invocations=188 (full 10):
 par new generation   total 314560K, used 5902K [0x00000000c0000000, 0x00000000d5550000, 0x00000000d5550000)
  eden space 279616K,   0% used [0x00000000c0000000, 0x00000000c0000000, 0x00000000d1110000)
  from space 34944K,  16% used [0x00000000d1110000, 0x00000000d16d3818, 0x00000000d3330000)
  to   space 34944K,   0% used [0x00000000d3330000, 0x00000000d3330000, 0x00000000d5550000)
 concurrent mark-sweep generation total 699072K, used 159317K [0x00000000d5550000, 0x0000000100000000, 0x0000000100000000)
 Metaspace       used 52982K, capacity 53455K, committed 54088K, reserved 1097728K
  class space    used 6089K, capacity 6216K, committed 6332K, reserved 1048576K
}
Event: 330.923 GC heap before
{Heap before GC invocations=188 (full 10):
 par new generation   total 314560K, used 285518K [0x00000000c0000000, 0x00000000d5550000, 0x00000000d5550000)
  eden space 279616K, 100% used [0x00000000c0000000, 0x00000000d1110000, 0x00000000d1110000)
  from space 34944K,  16% used [0x00000000d1110000, 0x00000000d16d3818, 0x00000000d3330000)
  to   space 34944K,   0% used [0x00000000d3330000, 0x00000000d3330000, 0x00000000d5550000)
 concurrent mark-sweep generation total 699072K, used 159317K [0x00000000d5550000, 0x0000000100000000, 0x0000000100000000)
 Metaspace       used 52994K, capacity 53455K, committed 54088K, reserved 1097728K
  class space    used 6089K, capacity 6216K, committed 6332K, reserved 1048576K
Event: 330.926 GC heap after
Heap after GC invocations=189 (full 10):
 par new generation   total 314560K, used 5921K [0x00000000c0000000, 0x00000000d5550000, 0x00000000d5550000)
  eden space 279616K,   0% used [0x00000000c0000000, 0x00000000c0000000, 0x00000000d1110000)
  from space 34944K,  16% used [0x00000000d3330000, 0x00000000d38f84d8, 0x00000000d5550000)
  to   space 34944K,   0% used [0x00000000d1110000, 0x00000000d1110000, 0x00000000d3330000)
 concurrent mark-sweep generation total 699072K, used 159334K [0x00000000d5550000, 0x0000000100000000, 0x0000000100000000)
 Metaspace       used 52994K, capacity 53455K, committed 54088K, reserved 1097728K
  class space    used 6089K, capacity 6216K, committed 6332K, reserved 1048576K
}
Event: 333.229 GC heap before
{Heap before GC invocations=189 (full 10):
 par new generation   total 314560K, used 285354K [0x00000000c0000000, 0x00000000d5550000, 0x00000000d5550000)
  eden space 279616K,  99% used [0x00000000c0000000, 0x00000000d10e24c8, 0x00000000d1110000)
  from space 34944K,  16% used [0x00000000d3330000, 0x00000000d38f84d8, 0x00000000d5550000)
  to   space 34944K,   0% used [0x00000000d1110000, 0x00000000d1110000, 0x00000000d3330000)
 concurrent mark-sweep generation total 699072K, used 159334K [0x00000000d5550000, 0x0000000100000000, 0x0000000100000000)
 Metaspace       used 52998K, capacity 53455K, committed 54088K, reserved 1097728K
  class space    used 6089K, capacity 6216K, committed 6332K, reserved 1048576K
Event: 333.231 GC heap after
Heap after GC invocations=190 (full 10):
 par new generation   total 314560K, used 6007K [0x00000000c0000000, 0x00000000d5550000, 0x00000000d5550000)
  eden space 279616K,   0% used [0x00000000c0000000, 0x00000000c0000000, 0x00000000d1110000)
  from space 34944K,  17% used [0x00000000d1110000, 0x00000000d16edd88, 0x00000000d3330000)
  to   space 34944K,   0% used [0x00000000d3330000, 0x00000000d3330000, 0x00000000d5550000)
 concurrent mark-sweep generation total 699072K, used 159339K [0x00000000d5550000, 0x0000000100000000, 0x0000000100000000)
 Metaspace       used 52998K, capacity 53455K, committed 54088K, reserved 1097728K
  class space    used 6089K, capacity 6216K, committed 6332K, reserved 1048576K
}

