# JRE version: Java(TM) SE Runtime Environment (8.0_261-b12) (build 1.8.0_261-b12)
# Java VM: Java HotSpot(TM) 64-Bit Server VM (25.261-b12 mixed mode windows-amd64 compressed oops)
Heap:
 par new generation   total 314560K, used 31453K [0x00000000c0000000, 0x00000000d5550000, 0x00000000d5550000)
  eden space 279616K,   7% used [0x00000000c0000000, 0x00000000c1444040, 0x00000000d1110000)
  from space 34944K,  30% used [0x00000000d3330000, 0x00000000d3da3498, 0x00000000d5550000)
  to   space 34944K,   0% used [0x00000000d1110000, 0x00000000d1110000, 0x00000000d3330000)
 concurrent mark-sweep generation total 699072K, used 173585K [0x00000000d5550000, 0x0000000100000000, 0x0000000100000000)
 Metaspace       used 52031K, capacity 52525K, committed 53120K, reserved 1095680K
  class space    used 6069K, capacity 6227K, committed 6332K, reserved 1048576K
GC Heap History (10 events):
Event: 305.573 GC heap before
{Heap before GC invocations=187 (full 6):
 par new generation   total 314560K, used 284734K [0x00000000c0000000, 0x00000000d5550000, 0x00000000d5550000)
  eden space 279616K,  99% used [0x00000000c0000000, 0x00000000d1033010, 0x00000000d1110000)
  from space 34944K,  17% used [0x00000000d1110000, 0x00000000d16ecba8, 0x00000000d3330000)
  to   space 34944K,   0% used [0x00000000d3330000, 0x00000000d3330000, 0x00000000d5550000)
 concurrent mark-sweep generation total 699072K, used 173250K [0x00000000d5550000, 0x0000000100000000, 0x0000000100000000)
 Metaspace       used 51968K, capacity 52461K, committed 53120K, reserved 1095680K
  class space    used 6068K, capacity 6227K, committed 6332K, reserved 1048576K
Event: 305.577 GC heap after
Heap after GC invocations=188 (full 6):
 par new generation   total 314560K, used 5954K [0x00000000c0000000, 0x00000000d5550000, 0x00000000d5550000)
  eden space 279616K,   0% used [0x00000000c0000000, 0x00000000c0000000, 0x00000000d1110000)
  from space 34944K,  17% used [0x00000000d3330000, 0x00000000d3900b88, 0x00000000d5550000)
  to   space 34944K,   0% used [0x00000000d1110000, 0x00000000d1110000, 0x00000000d3330000)
 concurrent mark-sweep generation total 699072K, used 173279K [0x00000000d5550000, 0x0000000100000000, 0x0000000100000000)
 Metaspace       used 51968K, capacity 52461K, committed 53120K, reserved 1095680K
  class space    used 6068K, capacity 6227K, committed 6332K, reserved 1048576K
}
Event: 307.277 GC heap before
{Heap before GC invocations=188 (full 6):
 par new generation   total 314560K, used 285570K [0x00000000c0000000, 0x00000000d5550000, 0x00000000d5550000)
  eden space 279616K, 100% used [0x00000000c0000000, 0x00000000d1110000, 0x00000000d1110000)
  from space 34944K,  17% used [0x00000000d3330000, 0x00000000d3900b88, 0x00000000d5550000)
  to   space 34944K,   0% used [0x00000000d1110000, 0x00000000d1110000, 0x00000000d3330000)
 concurrent mark-sweep generation total 699072K, used 173279K [0x00000000d5550000, 0x0000000100000000, 0x0000000100000000)
 Metaspace       used 51968K, capacity 52461K, committed 53120K, reserved 1095680K
  class space    used 6068K, capacity 6227K, committed 6332K, reserved 1048576K
Event: 307.279 GC heap after
Heap after GC invocations=189 (full 6):
 par new generation   total 314560K, used 5073K [0x00000000c0000000, 0x00000000d5550000, 0x00000000d5550000)
  eden space 279616K,   0% used [0x00000000c0000000, 0x00000000c0000000, 0x00000000d1110000)
  from space 34944K,  14% used [0x00000000d1110000, 0x00000000d16045a0, 0x00000000d3330000)
  to   space 34944K,   0% used [0x00000000d3330000, 0x00000000d3330000, 0x00000000d5550000)
 concurrent mark-sweep generation total 699072K, used 173306K [0x00000000d5550000, 0x0000000100000000, 0x0000000100000000)
 Metaspace       used 51968K, capacity 52461K, committed 53120K, reserved 1095680K
  class space    used 6068K, capacity 6227K, committed 6332K, reserved 1048576K
}
Event: 308.596 GC heap before
{Heap before GC invocations=189 (full 6):
 par new generation   total 314560K, used 284270K [0x00000000c0000000, 0x00000000d5550000, 0x00000000d5550000)
  eden space 279616K,  99% used [0x00000000c0000000, 0x00000000d10a7468, 0x00000000d1110000)
  from space 34944K,  14% used [0x00000000d1110000, 0x00000000d16045a0, 0x00000000d3330000)
  to   space 34944K,   0% used [0x00000000d3330000, 0x00000000d3330000, 0x00000000d5550000)
 concurrent mark-sweep generation total 699072K, used 173306K [0x00000000d5550000, 0x0000000100000000, 0x0000000100000000)
 Metaspace       used 51984K, capacity 52461K, committed 53120K, reserved 1095680K
  class space    used 6068K, capacity 6227K, committed 6332K, reserved 1048576K
Event: 308.600 GC heap after
Heap after GC invocations=190 (full 6):
 par new generation   total 314560K, used 6906K [0x00000000c0000000, 0x00000000d5550000, 0x00000000d5550000)
  eden space 279616K,   0% used [0x00000000c0000000, 0x00000000c0000000, 0x00000000d1110000)
  from space 34944K,  19% used [0x00000000d3330000, 0x00000000d39eebb0, 0x00000000d5550000)
  to   space 34944K,   0% used [0x00000000d1110000, 0x00000000d1110000, 0x00000000d3330000)
 concurrent mark-sweep generation total 699072K, used 173312K [0x00000000d5550000, 0x0000000100000000, 0x0000000100000000)
 Metaspace       used 51984K, capacity 52461K, committed 53120K, reserved 1095680K
  class space    used 6068K, capacity 6227K, committed 6332K, reserved 1048576K
}
Event: 309.865 GC heap before
{Heap before GC invocations=190 (full 6):
 par new generation   total 314560K, used 284846K [0x00000000c0000000, 0x00000000d5550000, 0x00000000d5550000)
  eden space 279616K,  99% used [0x00000000c0000000, 0x00000000d0f6cf18, 0x00000000d1110000)
  from space 34944K,  19% used [0x00000000d3330000, 0x00000000d39eebb0, 0x00000000d5550000)
  to   space 34944K,   0% used [0x00000000d1110000, 0x00000000d1110000, 0x00000000d3330000)
 concurrent mark-sweep generation total 699072K, used 173312K [0x00000000d5550000, 0x0000000100000000, 0x0000000100000000)
 Metaspace       used 51985K, capacity 52461K, committed 53120K, reserved 1095680K
  class space    used 6068K, capacity 6227K, committed 6332K, reserved 1048576K
Event: 309.877 GC heap after
Heap after GC invocations=191 (full 6):
 par new generation   total 314560K, used 4907K [0x00000000c0000000, 0x00000000d5550000, 0x00000000d5550000)
  eden space 279616K,   0% used [0x00000000c0000000, 0x00000000c0000000, 0x00000000d1110000)
  from space 34944K,  14% used [0x00000000d1110000, 0x00000000d15dae90, 0x00000000d3330000)
  to   space 34944K,   0% used [0x00000000d3330000, 0x00000000d3330000, 0x00000000d5550000)
 concurrent mark-sweep generation total 699072K, used 173552K [0x00000000d5550000, 0x0000000100000000, 0x0000000100000000)
 Metaspace       used 51985K, capacity 52461K, committed 53120K, reserved 1095680K
  class space    used 6068K, capacity 6227K, committed 6332K, reserved 1048576K
}
Event: 311.061 GC heap before
{Heap before GC invocations=191 (full 6):
 par new generation   total 314560K, used 284523K [0x00000000c0000000, 0x00000000d5550000, 0x00000000d5550000)
  eden space 279616K, 100% used [0x00000000c0000000, 0x00000000d1110000, 0x00000000d1110000)
  from space 34944K,  14% used [0x00000000d1110000, 0x00000000d15dae90, 0x00000000d3330000)
  to   space 34944K,   0% used [0x00000000d3330000, 0x00000000d3330000, 0x00000000d5550000)
 concurrent mark-sweep generation total 699072K, used 173552K [0x00000000d5550000, 0x0000000100000000, 0x0000000100000000)
 Metaspace       used 52031K, capacity 52525K, committed 53120K, reserved 1095680K
  class space    used 6069K, capacity 6227K, committed 6332K, reserved 1048576K
Event: 311.071 GC heap after
Heap after GC invocations=192 (full 6):
 par new generation   total 314560K, used 10701K [0x00000000c0000000, 0x00000000d5550000, 0x00000000d5550000)
  eden space 279616K,   0% used [0x00000000c0000000, 0x00000000c0000000, 0x00000000d1110000)
  from space 34944K,  30% used [0x00000000d3330000, 0x00000000d3da3498, 0x00000000d5550000)
  to   space 34944K,   0% used [0x00000000d1110000, 0x00000000d1110000, 0x00000000d3330000)
 concurrent mark-sweep generation total 699072K, used 173585K [0x00000000d5550000, 0x0000000100000000, 0x0000000100000000)
 Metaspace       used 52031K, capacity 52525K, committed 53120K, reserved 1095680K
  class space    used 6069K, capacity 6227K, committed 6332K, reserved 1048576K
}

