# JRE version: Java(TM) SE Runtime Environment (8.0_261-b12) (build 1.8.0_261-b12)
# Java VM: Java HotSpot(TM) 64-Bit Server VM (25.261-b12 mixed mode windows-amd64 compressed oops)
Heap:
 par new generation   total 314560K, used 246399K [0x00000000c0000000, 0x00000000d5550000, 0x00000000d5550000)
  eden space 279616K,  86% used [0x00000000c0000000, 0x00000000cec1daf8, 0x00000000d1110000)
  from space 34944K,  13% used [0x00000000d3330000, 0x00000000d37b24c0, 0x00000000d5550000)
  to   space 34944K,   0% used [0x00000000d1110000, 0x00000000d1110000, 0x00000000d3330000)
 concurrent mark-sweep generation total 699072K, used 231173K [0x00000000d5550000, 0x0000000100000000, 0x0000000100000000)
 Metaspace       used 53140K, capacity 53553K, committed 53888K, reserved 1097728K
  class space    used 6180K, capacity 6305K, committed 6332K, reserved 1048576K
GC Heap History (10 events):
Event: 8187.474 GC heap before
{Heap before GC invocations=191 (full 7):
 par new generation   total 314560K, used 284368K [0x00000000c0000000, 0x00000000d5550000, 0x00000000d5550000)
  eden space 279616K, 100% used [0x00000000c0000000, 0x00000000d1110000, 0x00000000d1110000)
  from space 34944K,  13% used [0x00000000d1110000, 0x00000000d15b41b8, 0x00000000d3330000)
  to   space 34944K,   0% used [0x00000000d3330000, 0x00000000d3330000, 0x00000000d5550000)
 concurrent mark-sweep generation total 699072K, used 231018K [0x00000000d5550000, 0x0000000100000000, 0x0000000100000000)
 Metaspace       used 53090K, capacity 53553K, committed 53888K, reserved 1097728K
  class space    used 6180K, capacity 6305K, committed 6332K, reserved 1048576K
Event: 8187.476 GC heap after
Heap after GC invocations=192 (full 7):
 par new generation   total 314560K, used 6540K [0x00000000c0000000, 0x00000000d5550000, 0x00000000d5550000)
  eden space 279616K,   0% used [0x00000000c0000000, 0x00000000c0000000, 0x00000000d1110000)
  from space 34944K,  18% used [0x00000000d3330000, 0x00000000d39930b8, 0x00000000d5550000)
  to   space 34944K,   0% used [0x00000000d1110000, 0x00000000d1110000, 0x00000000d3330000)
 concurrent mark-sweep generation total 699072K, used 231023K [0x00000000d5550000, 0x0000000100000000, 0x0000000100000000)
 Metaspace       used 53090K, capacity 53553K, committed 53888K, reserved 1097728K
  class space    used 6180K, capacity 6305K, committed 6332K, reserved 1048576K
}
Event: 8188.884 GC heap before
{Heap before GC invocations=192 (full 7):
 par new generation   total 314560K, used 285148K [0x00000000c0000000, 0x00000000d5550000, 0x00000000d5550000)
  eden space 279616K,  99% used [0x00000000c0000000, 0x00000000d1013fa8, 0x00000000d1110000)
  from space 34944K,  18% used [0x00000000d3330000, 0x00000000d39930b8, 0x00000000d5550000)
  to   space 34944K,   0% used [0x00000000d1110000, 0x00000000d1110000, 0x00000000d3330000)
 concurrent mark-sweep generation total 699072K, used 231023K [0x00000000d5550000, 0x0000000100000000, 0x0000000100000000)
 Metaspace       used 53110K, capacity 53553K, committed 53888K, reserved 1097728K
  class space    used 6180K, capacity 6305K, committed 6332K, reserved 1048576K
Event: 8188.887 GC heap after
Heap after GC invocations=193 (full 7):
 par new generation   total 314560K, used 5517K [0x00000000c0000000, 0x00000000d5550000, 0x00000000d5550000)
  eden space 279616K,   0% used [0x00000000c0000000, 0x00000000c0000000, 0x00000000d1110000)
  from space 34944K,  15% used [0x00000000d1110000, 0x00000000d1673628, 0x00000000d3330000)
  to   space 34944K,   0% used [0x00000000d3330000, 0x00000000d3330000, 0x00000000d5550000)
 concurrent mark-sweep generation total 699072K, used 231157K [0x00000000d5550000, 0x0000000100000000, 0x0000000100000000)
 Metaspace       used 53110K, capacity 53553K, committed 53888K, reserved 1097728K
  class space    used 6180K, capacity 6305K, committed 6332K, reserved 1048576K
}
Event: 8189.990 GC heap before
{Heap before GC invocations=193 (full 7):
 par new generation   total 314560K, used 285133K [0x00000000c0000000, 0x00000000d5550000, 0x00000000d5550000)
  eden space 279616K, 100% used [0x00000000c0000000, 0x00000000d1110000, 0x00000000d1110000)
  from space 34944K,  15% used [0x00000000d1110000, 0x00000000d1673628, 0x00000000d3330000)
  to   space 34944K,   0% used [0x00000000d3330000, 0x00000000d3330000, 0x00000000d5550000)
 concurrent mark-sweep generation total 699072K, used 231157K [0x00000000d5550000, 0x0000000100000000, 0x0000000100000000)
 Metaspace       used 53131K, capacity 53553K, committed 53888K, reserved 1097728K
  class space    used 6180K, capacity 6305K, committed 6332K, reserved 1048576K
Event: 8189.993 GC heap after
Heap after GC invocations=194 (full 7):
 par new generation   total 314560K, used 4591K [0x00000000c0000000, 0x00000000d5550000, 0x00000000d5550000)
  eden space 279616K,   0% used [0x00000000c0000000, 0x00000000c0000000, 0x00000000d1110000)
  from space 34944K,  13% used [0x00000000d3330000, 0x00000000d37abe50, 0x00000000d5550000)
  to   space 34944K,   0% used [0x00000000d1110000, 0x00000000d1110000, 0x00000000d3330000)
 concurrent mark-sweep generation total 699072K, used 231162K [0x00000000d5550000, 0x0000000100000000, 0x0000000100000000)
 Metaspace       used 53131K, capacity 53553K, committed 53888K, reserved 1097728K
  class space    used 6180K, capacity 6305K, committed 6332K, reserved 1048576K
}
Event: 8191.042 GC heap before
{Heap before GC invocations=194 (full 7):
 par new generation   total 314560K, used 281601K [0x00000000c0000000, 0x00000000d5550000, 0x00000000d5550000)
  eden space 279616K,  99% used [0x00000000c0000000, 0x00000000d0e847c0, 0x00000000d1110000)
  from space 34944K,  13% used [0x00000000d3330000, 0x00000000d37abe50, 0x00000000d5550000)
  to   space 34944K,   0% used [0x00000000d1110000, 0x00000000d1110000, 0x00000000d3330000)
 concurrent mark-sweep generation total 699072K, used 231162K [0x00000000d5550000, 0x0000000100000000, 0x0000000100000000)
 Metaspace       used 53137K, capacity 53553K, committed 53888K, reserved 1097728K
  class space    used 6180K, capacity 6305K, committed 6332K, reserved 1048576K
Event: 8191.045 GC heap after
Heap after GC invocations=195 (full 7):
 par new generation   total 314560K, used 6418K [0x00000000c0000000, 0x00000000d5550000, 0x00000000d5550000)
  eden space 279616K,   0% used [0x00000000c0000000, 0x00000000c0000000, 0x00000000d1110000)
  from space 34944K,  18% used [0x00000000d1110000, 0x00000000d1754ac8, 0x00000000d3330000)
  to   space 34944K,   0% used [0x00000000d3330000, 0x00000000d3330000, 0x00000000d5550000)
 concurrent mark-sweep generation total 699072K, used 231168K [0x00000000d5550000, 0x0000000100000000, 0x0000000100000000)
 Metaspace       used 53137K, capacity 53553K, committed 53888K, reserved 1097728K
  class space    used 6180K, capacity 6305K, committed 6332K, reserved 1048576K
}
Event: 8192.062 GC heap before
{Heap before GC invocations=195 (full 7):
 par new generation   total 314560K, used 286034K [0x00000000c0000000, 0x00000000d5550000, 0x00000000d5550000)
  eden space 279616K, 100% used [0x00000000c0000000, 0x00000000d1110000, 0x00000000d1110000)
  from space 34944K,  18% used [0x00000000d1110000, 0x00000000d1754ac8, 0x00000000d3330000)
  to   space 34944K,   0% used [0x00000000d3330000, 0x00000000d3330000, 0x00000000d5550000)
 concurrent mark-sweep generation total 699072K, used 231168K [0x00000000d5550000, 0x0000000100000000, 0x0000000100000000)
 Metaspace       used 53140K, capacity 53553K, committed 53888K, reserved 1097728K
  class space    used 6180K, capacity 6305K, committed 6332K, reserved 1048576K
Event: 8192.064 GC heap after
Heap after GC invocations=196 (full 7):
 par new generation   total 314560K, used 4617K [0x00000000c0000000, 0x00000000d5550000, 0x00000000d5550000)
  eden space 279616K,   0% used [0x00000000c0000000, 0x00000000c0000000, 0x00000000d1110000)
  from space 34944K,  13% used [0x00000000d3330000, 0x00000000d37b24c0, 0x00000000d5550000)
  to   space 34944K,   0% used [0x00000000d1110000, 0x00000000d1110000, 0x00000000d3330000)
 concurrent mark-sweep generation total 699072K, used 231173K [0x00000000d5550000, 0x0000000100000000, 0x0000000100000000)
 Metaspace       used 53140K, capacity 53553K, committed 53888K, reserved 1097728K
  class space    used 6180K, capacity 6305K, committed 6332K, reserved 1048576K
}

